# JRE version: Java(TM) SE Runtime Environment (8.0_25-b17) (build 1.8.0_25-b17)
# Java VM: Java HotSpot(TM) 64-Bit Server VM (25.25-b02 mixed mode linux-amd64 compressed oops)
Heap:
 PSYoungGen      total 36864K, used 6686K [0x00000000d6f80000, 0x00000000d9880000, 0x0000000100000000)
  eden space 31744K, 9% used [0x00000000d6f80000,0x00000000d728b5b8,0x00000000d8e80000)
  from space 5120K, 69% used [0x00000000d9380000,0x00000000d96fc508,0x00000000d9880000)
  to   space 5120K, 0% used [0x00000000d8e80000,0x00000000d8e80000,0x00000000d9380000)
 ParOldGen       total 84992K, used 24K [0x0000000084e00000, 0x000000008a100000, 0x00000000d6f80000)
  object space 84992K, 0% used [0x0000000084e00000,0x0000000084e06000,0x000000008a100000)
 Metaspace       used 14379K, capacity 14650K, committed 14976K, reserved 1062912K
  class space    used 1580K, capacity 1624K, committed 1664K, reserved 1048576K
GC Heap History (4 events):
Event: 1,725 GC heap before
{Heap before GC invocations=1 (full 0):
 PSYoungGen      total 36864K, used 31744K [0x00000000d6f80000, 0x00000000d9880000, 0x0000000100000000)
  eden space 31744K, 100% used [0x00000000d6f80000,0x00000000d8e80000,0x00000000d8e80000)
  from space 5120K, 0% used [0x00000000d9380000,0x00000000d9380000,0x00000000d9880000)
  to   space 5120K, 0% used [0x00000000d8e80000,0x00000000d8e80000,0x00000000d9380000)
 ParOldGen       total 84992K, used 0K [0x0000000084e00000, 0x000000008a100000, 0x00000000d6f80000)
  object space 84992K, 0% used [0x0000000084e00000,0x0000000084e00000,0x000000008a100000)
 Metaspace       used 12986K, capacity 13182K, committed 13440K, reserved 1060864K
  class space    used 1503K, capacity 1550K, committed 1664K, reserved 1048576K
Event: 1,729 GC heap after
Heap after GC invocations=1 (full 0):
 PSYoungGen      total 36864K, used 2938K [0x00000000d6f80000, 0x00000000d9880000, 0x0000000100000000)
  eden space 31744K, 0% used [0x00000000d6f80000,0x00000000d6f80000,0x00000000d8e80000)
  from space 5120K, 57% used [0x00000000d8e80000,0x00000000d915e9e0,0x00000000d9380000)
  to   space 5120K, 0% used [0x00000000d9380000,0x00000000d9380000,0x00000000d9880000)
 ParOldGen       total 84992K, used 16K [0x0000000084e00000, 0x000000008a100000, 0x00000000d6f80000)
  object space 84992K, 0% used [0x0000000084e00000,0x0000000084e04000,0x000000008a100000)
 Metaspace       used 12986K, capacity 13182K, committed 13440K, reserved 1060864K
  class space    used 1503K, capacity 1550K, committed 1664K, reserved 1048576K
}
Event: 12,999 GC heap before
{Heap before GC invocations=2 (full 0):
 PSYoungGen      total 36864K, used 34682K [0x00000000d6f80000, 0x00000000d9880000, 0x0000000100000000)
  eden space 31744K, 100% used [0x00000000d6f80000,0x00000000d8e80000,0x00000000d8e80000)
  from space 5120K, 57% used [0x00000000d8e80000,0x00000000d915e9e0,0x00000000d9380000)
  to   space 5120K, 0% used [0x00000000d9380000,0x00000000d9380000,0x00000000d9880000)
 ParOldGen       total 84992K, used 16K [0x0000000084e00000, 0x000000008a100000, 0x00000000d6f80000)
  object space 84992K, 0% used [0x0000000084e00000,0x0000000084e04000,0x000000008a100000)
 Metaspace       used 14283K, capacity 14458K, committed 14720K, reserved 1062912K
  class space    used 1576K, capacity 1624K, committed 1664K, reserved 1048576K
Event: 13,004 GC heap after
Heap after GC invocations=2 (full 0):
 PSYoungGen      total 36864K, used 3569K [0x00000000d6f80000, 0x00000000d9880000, 0x0000000100000000)
  eden space 31744K, 0% used [0x00000000d6f80000,0x00000000d6f80000,0x00000000d8e80000)
  from space 5120K, 69% used [0x00000000d9380000,0x00000000d96fc508,0x00000000d9880000)
  to   space 5120K, 0% used [0x00000000d8e80000,0x00000000d8e80000,0x00000000d9380000)
 ParOldGen       total 84992K, used 24K [0x0000000084e00000, 0x000000008a100000, 0x00000000d6f80000)
  object space 84992K, 0% used [0x0000000084e00000,0x0000000084e06000,0x000000008a100000)
 Metaspace       used 14283K, capacity 14458K, committed 14720K, reserved 1062912K
  class space    used 1576K, capacity 1624K, committed 1664K, reserved 1048576K
}

